<?xml version="1.0" encoding="UTF-8"?>
<testng-results ignored="0" total="2" passed="2" failed="0" skipped="0">
  <reporter-output>
  </reporter-output>
  <suite started-at="2024-04-29T15:59:19 IST" name="Suite" finished-at="2024-04-29T15:59:42 IST" duration-ms="23114">
    <groups>
    </groups>
    <test started-at="2024-04-29T15:59:19 IST" name="Test" finished-at="2024-04-29T15:59:42 IST" duration-ms="23114">
      <class name="Testcases.SignInWithValidCredential">
        <test-method is-config="true" signature="setup()[pri:0, instance:Testcases.SignInWithValidCredential@19e4653c]" started-at="2024-04-29T15:59:19 IST" name="setup" finished-at="2024-04-29T15:59:36 IST" duration-ms="16486" status="PASS">
          <reporter-output>
          </reporter-output>
        </test-method> <!-- setup -->
        <test-method signature="sign_in_with_invalid_credential()[pri:0, instance:Testcases.SignInWithValidCredential@19e4653c]" started-at="2024-04-29T15:59:36 IST" name="sign_in_with_invalid_credential" finished-at="2024-04-29T15:59:38 IST" duration-ms="2367" status="PASS">
          <reporter-output>
          </reporter-output>
        </test-method> <!-- sign_in_with_invalid_credential -->
        <test-method signature="sign_in_with_valid_credential(java.lang.String,java.lang.String)[pri:0, instance:Testcases.SignInWithValidCredential@19e4653c]" started-at="2024-04-29T15:59:40 IST" name="sign_in_with_valid_credential" data-provider="excelData" finished-at="2024-04-29T15:59:42 IST" duration-ms="2451" status="PASS">
          <params>
            <param index="0">
              <value>
                <![CDATA[Admin]]>
              </value>
            </param>
            <param index="1">
              <value>
                <![CDATA[admin123]]>
              </value>
            </param>
          </params>
          <reporter-output>
          </reporter-output>
        </test-method> <!-- sign_in_with_valid_credential -->
        <test-method is-config="true" signature="tearDown()[pri:0, instance:Testcases.SignInWithValidCredential@19e4653c]" started-at="2024-04-29T15:59:42 IST" name="tearDown" finished-at="2024-04-29T15:59:42 IST" duration-ms="1" status="PASS">
          <reporter-output>
          </reporter-output>
        </test-method> <!-- tearDown -->
      </class> <!-- Testcases.SignInWithValidCredential -->
    </test> <!-- Test -->
  </suite> <!-- Suite -->
</testng-results>
